{"D:\\.dev\\stellar-burgers\\src\\services\\store.ts": {"path":"D:\\.dev\\stellar-burgers\\src\\services\\store.ts","statementMap":{"0":{"start":{"line":1,"column":0},"end":{"line":1,"column":67}},"1":{"start":{"line":2,"column":0},"end":{"line":2,"column":null}},"2":{"start":{"line":7,"column":0},"end":{"line":7,"column":60}},"3":{"start":{"line":8,"column":0},"end":{"line":8,"column":46}},"4":{"start":{"line":9,"column":0},"end":{"line":9,"column":60}},"5":{"start":{"line":10,"column":0},"end":{"line":10,"column":62}},"6":{"start":{"line":11,"column":0},"end":{"line":11,"column":46}},"7":{"start":{"line":12,"column":0},"end":{"line":12,"column":58}},"8":{"start":{"line":15,"column":13},"end":{"line":22,"column":3}},"9":{"start":{"line":24,"column":14},"end":{"line":27,"column":2}},"10":{"start":{"line":32,"column":13},"end":{"line":32,"column":59}},"11":{"start":{"line":33,"column":13},"end":{"line":33,"column":73}},"12":{"start":{"line":35,"column":0},"end":{"line":35,"column":21}}},"fnMap":{},"branchMap":{},"s":{"0":1,"1":1,"2":1,"3":1,"4":1,"5":1,"6":1,"7":1,"8":1,"9":1,"10":1,"11":1,"12":1},"f":{},"b":{}}
,"D:\\.dev\\stellar-burgers\\src\\services\\slices\\constructor.slice.ts": {"path":"D:\\.dev\\stellar-burgers\\src\\services\\slices\\constructor.slice.ts","statementMap":{"0":{"start":{"line":1,"column":0},"end":{"line":1,"column":70}},"1":{"start":{"line":9,"column":39},"end":{"line":12,"column":2}},"2":{"start":{"line":14,"column":25},"end":{"line":52,"column":2}},"3":{"start":{"line":20,"column":21},"end":{"line":20,"column":35}},"4":{"start":{"line":21,"column":8},"end":{"line":25,"column":9}},"5":{"start":{"line":22,"column":10},"end":{"line":22,"column":27}},"6":{"start":{"line":24,"column":10},"end":{"line":24,"column":39}},"7":{"start":{"line":28,"column":19},"end":{"line":28,"column":27}},"8":{"start":{"line":29,"column":8},"end":{"line":29,"column":76}},"9":{"start":{"line":33,"column":6},"end":{"line":35,"column":8}},"10":{"start":{"line":34,"column":18},"end":{"line":34,"column":null}},"11":{"start":{"line":37,"column":28},"end":{"line":37,"column":null}},"12":{"start":{"line":42,"column":35},"end":{"line":42,"column":49}},"13":{"start":{"line":42,"column":19},"end":{"line":42,"column":21}},"14":{"start":{"line":42,"column":30},"end":{"line":42,"column":35}},"15":{"start":{"line":43,"column":18},"end":{"line":43,"column":35}},"16":{"start":{"line":44,"column":6},"end":{"line":46,"column":7}},"17":{"start":{"line":45,"column":8},"end":{"line":45,"column":39}},"18":{"start":{"line":47,"column":6},"end":{"line":49,"column":7}},"19":{"start":{"line":48,"column":8},"end":{"line":48,"column":39}},"20":{"start":{"line":55,"column":2},"end":{"line":58,"column":null}},"21":{"start":{"line":61,"column":0},"end":{"line":61,"column":40}}},"fnMap":{"0":{"name":"(anonymous_2)","decl":{"start":{"line":19,"column":15},"end":{"line":19,"column":16}},"loc":{"start":{"line":19,"column":68},"end":{"line":26,"column":7}}},"1":{"name":"(anonymous_3)","decl":{"start":{"line":27,"column":15},"end":{"line":27,"column":16}},"loc":{"start":{"line":27,"column":39},"end":{"line":30,"column":7}}},"2":{"name":"(anonymous_4)","decl":{"start":{"line":32,"column":22},"end":{"line":32,"column":23}},"loc":{"start":{"line":32,"column":59},"end":{"line":36,"column":5}}},"3":{"name":"(anonymous_5)","decl":{"start":{"line":34,"column":8},"end":{"line":34,"column":9}},"loc":{"start":{"line":34,"column":13},"end":{"line":34,"column":22}}},"4":{"name":"(anonymous_6)","decl":{"start":{"line":37,"column":22},"end":{"line":37,"column":28}},"loc":{"start":{"line":37,"column":22},"end":{"line":37,"column":40}}},"5":{"name":"(anonymous_7)","decl":{"start":{"line":38,"column":20},"end":{"line":38,"column":null}},"loc":{"start":{"line":40,"column":72},"end":{"line":50,"column":5}}}},"branchMap":{"0":{"loc":{"start":{"line":21,"column":8},"end":{"line":25,"column":9}},"type":"if","locations":[{"start":{"line":21,"column":8},"end":{"line":25,"column":9}},{"start":{"line":23,"column":15},"end":{"line":25,"column":9}}]},"1":{"loc":{"start":{"line":44,"column":6},"end":{"line":46,"column":7}},"type":"if","locations":[{"start":{"line":44,"column":6},"end":{"line":46,"column":7}}]},"2":{"loc":{"start":{"line":44,"column":10},"end":{"line":44,"column":41}},"type":"binary-expr","locations":[{"start":{"line":44,"column":10},"end":{"line":44,"column":28}},{"start":{"line":44,"column":32},"end":{"line":44,"column":41}}]},"3":{"loc":{"start":{"line":47,"column":6},"end":{"line":49,"column":7}},"type":"if","locations":[{"start":{"line":47,"column":6},"end":{"line":49,"column":7}}]},"4":{"loc":{"start":{"line":47,"column":10},"end":{"line":47,"column":56}},"type":"binary-expr","locations":[{"start":{"line":47,"column":10},"end":{"line":47,"column":30}},{"start":{"line":47,"column":34},"end":{"line":47,"column":56}}]}},"s":{"0":2,"1":2,"2":2,"3":2,"4":2,"5":1,"6":1,"7":2,"8":2,"9":1,"10":1,"11":0,"12":2,"13":2,"14":2,"15":2,"16":2,"17":1,"18":2,"19":1,"20":2,"21":2},"f":{"0":2,"1":2,"2":1,"3":1,"4":0,"5":2},"b":{"0":[1,1],"1":[1],"2":[2,1],"3":[1],"4":[2,1]}}
,"D:\\.dev\\stellar-burgers\\src\\services\\slices\\feed.slice.ts": {"path":"D:\\.dev\\stellar-burgers\\src\\services\\slices\\feed.slice.ts","statementMap":{"0":{"start":{"line":1,"column":0},"end":{"line":1,"column":35}},"1":{"start":{"line":2,"column":0},"end":{"line":2,"column":65}},"2":{"start":{"line":13,"column":32},"end":{"line":19,"column":2}},"3":{"start":{"line":21,"column":13},"end":{"line":21,"column":69}},"4":{"start":{"line":23,"column":18},"end":{"line":47,"column":2}},"5":{"start":{"line":28,"column":4},"end":{"line":45,"column":9}},"6":{"start":{"line":30,"column":8},"end":{"line":30,"column":31}},"7":{"start":{"line":31,"column":8},"end":{"line":31,"column":27}},"8":{"start":{"line":32,"column":8},"end":{"line":32,"column":44}},"9":{"start":{"line":35,"column":8},"end":{"line":35,"column":32}},"10":{"start":{"line":36,"column":8},"end":{"line":36,"column":45}},"11":{"start":{"line":37,"column":8},"end":{"line":37,"column":43}},"12":{"start":{"line":38,"column":8},"end":{"line":38,"column":53}},"13":{"start":{"line":39,"column":8},"end":{"line":39,"column":60}},"14":{"start":{"line":42,"column":8},"end":{"line":42,"column":32}},"15":{"start":{"line":43,"column":8},"end":{"line":43,"column":69}},"16":{"start":{"line":44,"column":8},"end":{"line":44,"column":59}},"17":{"start":{"line":49,"column":0},"end":{"line":49,"column":33}}},"fnMap":{"0":{"name":"(anonymous_0)","decl":{"start":{"line":27,"column":17},"end":{"line":27,"column":18}},"loc":{"start":{"line":27,"column":25},"end":{"line":46,"column":3}}},"1":{"name":"(anonymous_1)","decl":{"start":{"line":29,"column":34},"end":{"line":29,"column":35}},"loc":{"start":{"line":29,"column":40},"end":{"line":33,"column":7}}},"2":{"name":"(anonymous_2)","decl":{"start":{"line":34,"column":36},"end":{"line":34,"column":37}},"loc":{"start":{"line":34,"column":50},"end":{"line":40,"column":7}}},"3":{"name":"(anonymous_3)","decl":{"start":{"line":41,"column":35},"end":{"line":41,"column":36}},"loc":{"start":{"line":41,"column":49},"end":{"line":45,"column":7}}}},"branchMap":{"0":{"loc":{"start":{"line":43,"column":22},"end":{"line":43,"column":68}},"type":"binary-expr","locations":[{"start":{"line":43,"column":22},"end":{"line":43,"column":42}},{"start":{"line":43,"column":46},"end":{"line":43,"column":68}}]}},"s":{"0":2,"1":2,"2":2,"3":2,"4":2,"5":2,"6":1,"7":1,"8":1,"9":1,"10":1,"11":1,"12":1,"13":1,"14":1,"15":1,"16":1,"17":2},"f":{"0":2,"1":1,"2":1,"3":1},"b":{"0":[1,0]}}
,"D:\\.dev\\stellar-burgers\\src\\services\\slices\\ingredients.slice.ts": {"path":"D:\\.dev\\stellar-burgers\\src\\services\\slices\\ingredients.slice.ts","statementMap":{"0":{"start":{"line":1,"column":0},"end":{"line":1,"column":41}},"1":{"start":{"line":2,"column":0},"end":{"line":2,"column":65}},"2":{"start":{"line":11,"column":38},"end":{"line":15,"column":2}},"3":{"start":{"line":17,"column":13},"end":{"line":20,"column":2}},"4":{"start":{"line":22,"column":25},"end":{"line":44,"column":2}},"5":{"start":{"line":27,"column":4},"end":{"line":42,"column":9}},"6":{"start":{"line":30,"column":8},"end":{"line":30,"column":31}},"7":{"start":{"line":31,"column":8},"end":{"line":31,"column":27}},"8":{"start":{"line":35,"column":8},"end":{"line":35,"column":32}},"9":{"start":{"line":36,"column":8},"end":{"line":36,"column":43}},"10":{"start":{"line":39,"column":8},"end":{"line":39,"column":32}},"11":{"start":{"line":40,"column":8},"end":{"line":41,"column":69}},"12":{"start":{"line":46,"column":0},"end":{"line":46,"column":40}}},"fnMap":{"0":{"name":"(anonymous_0)","decl":{"start":{"line":26,"column":17},"end":{"line":26,"column":18}},"loc":{"start":{"line":26,"column":25},"end":{"line":43,"column":3}}},"1":{"name":"(anonymous_1)","decl":{"start":{"line":28,"column":41},"end":{"line":28,"column":42}},"loc":{"start":{"line":28,"column":47},"end":{"line":32,"column":7}}},"2":{"name":"(anonymous_2)","decl":{"start":{"line":33,"column":43},"end":{"line":33,"column":44}},"loc":{"start":{"line":33,"column":57},"end":{"line":37,"column":7}}},"3":{"name":"(anonymous_3)","decl":{"start":{"line":38,"column":42},"end":{"line":38,"column":43}},"loc":{"start":{"line":38,"column":56},"end":{"line":42,"column":7}}}},"branchMap":{"0":{"loc":{"start":{"line":41,"column":10},"end":{"line":41,"column":68}},"type":"binary-expr","locations":[{"start":{"line":41,"column":10},"end":{"line":41,"column":30}},{"start":{"line":41,"column":34},"end":{"line":41,"column":68}}]}},"s":{"0":2,"1":2,"2":2,"3":2,"4":2,"5":2,"6":1,"7":1,"8":1,"9":1,"10":1,"11":1,"12":2},"f":{"0":2,"1":1,"2":1,"3":1},"b":{"0":[1,0]}}
,"D:\\.dev\\stellar-burgers\\src\\services\\slices\\orderDetails.slice.ts": {"path":"D:\\.dev\\stellar-burgers\\src\\services\\slices\\orderDetails.slice.ts","statementMap":{"0":{"start":{"line":1,"column":0},"end":{"line":1,"column":38}},"1":{"start":{"line":2,"column":0},"end":{"line":2,"column":65}},"2":{"start":{"line":11,"column":33},"end":{"line":15,"column":2}},"3":{"start":{"line":17,"column":13},"end":{"line":20,"column":2}},"4":{"start":{"line":22,"column":26},"end":{"line":47,"column":2}},"5":{"start":{"line":27,"column":6},"end":{"line":27,"column":25}},"6":{"start":{"line":28,"column":6},"end":{"line":28,"column":33}},"7":{"start":{"line":29,"column":6},"end":{"line":29,"column":30}},"8":{"start":{"line":33,"column":4},"end":{"line":45,"column":9}},"9":{"start":{"line":35,"column":8},"end":{"line":35,"column":34}},"10":{"start":{"line":36,"column":8},"end":{"line":36,"column":32}},"11":{"start":{"line":39,"column":8},"end":{"line":39,"column":35}},"12":{"start":{"line":40,"column":8},"end":{"line":40,"column":43}},"13":{"start":{"line":43,"column":8},"end":{"line":43,"column":35}},"14":{"start":{"line":44,"column":8},"end":{"line":44,"column":67}},"15":{"start":{"line":49,"column":15},"end":{"line":49,"column":56}},"16":{"start":{"line":50,"column":0},"end":{"line":50,"column":41}}},"fnMap":{"0":{"name":"(anonymous_0)","decl":{"start":{"line":26,"column":16},"end":{"line":26,"column":17}},"loc":{"start":{"line":26,"column":22},"end":{"line":30,"column":5}}},"1":{"name":"(anonymous_1)","decl":{"start":{"line":32,"column":17},"end":{"line":32,"column":18}},"loc":{"start":{"line":32,"column":25},"end":{"line":46,"column":3}}},"2":{"name":"(anonymous_2)","decl":{"start":{"line":34,"column":36},"end":{"line":34,"column":37}},"loc":{"start":{"line":34,"column":42},"end":{"line":37,"column":7}}},"3":{"name":"(anonymous_3)","decl":{"start":{"line":38,"column":38},"end":{"line":38,"column":39}},"loc":{"start":{"line":38,"column":52},"end":{"line":41,"column":7}}},"4":{"name":"(anonymous_4)","decl":{"start":{"line":42,"column":37},"end":{"line":42,"column":38}},"loc":{"start":{"line":42,"column":51},"end":{"line":45,"column":7}}}},"branchMap":{"0":{"loc":{"start":{"line":44,"column":27},"end":{"line":44,"column":66}},"type":"binary-expr","locations":[{"start":{"line":44,"column":27},"end":{"line":44,"column":47}},{"start":{"line":44,"column":51},"end":{"line":44,"column":66}}]}},"s":{"0":2,"1":2,"2":2,"3":2,"4":2,"5":0,"6":0,"7":0,"8":2,"9":1,"10":1,"11":1,"12":1,"13":1,"14":1,"15":2,"16":2},"f":{"0":0,"1":2,"2":1,"3":1,"4":1},"b":{"0":[1,0]}}
,"D:\\.dev\\stellar-burgers\\src\\services\\slices\\user.slice.ts": {"path":"D:\\.dev\\stellar-burgers\\src\\services\\slices\\user.slice.ts","statementMap":{"0":{"start":{"line":1,"column":0},"end":{"line":1,"column":null}},"1":{"start":{"line":10,"column":0},"end":{"line":10,"column":65}},"2":{"start":{"line":11,"column":0},"end":{"line":11,"column":50}},"3":{"start":{"line":23,"column":32},"end":{"line":28,"column":2}},"4":{"start":{"line":30,"column":13},"end":{"line":33,"column":2}},"5":{"start":{"line":32,"column":28},"end":{"line":32,"column":null}},"6":{"start":{"line":32,"column":33},"end":{"line":32,"column":null}},"7":{"start":{"line":35,"column":13},"end":{"line":38,"column":2}},"8":{"start":{"line":37,"column":25},"end":{"line":37,"column":null}},"9":{"start":{"line":37,"column":30},"end":{"line":37,"column":null}},"10":{"start":{"line":40,"column":13},"end":{"line":40,"column":69}},"11":{"start":{"line":42,"column":13},"end":{"line":42,"column":64}},"12":{"start":{"line":44,"column":13},"end":{"line":47,"column":2}},"13":{"start":{"line":46,"column":37},"end":{"line":46,"column":null}},"14":{"start":{"line":46,"column":42},"end":{"line":46,"column":null}},"15":{"start":{"line":49,"column":18},"end":{"line":130,"column":2}},"16":{"start":{"line":54,"column":6},"end":{"line":54,"column":33}},"17":{"start":{"line":58,"column":4},"end":{"line":128,"column":9}},"18":{"start":{"line":60,"column":8},"end":{"line":60,"column":31}},"19":{"start":{"line":61,"column":8},"end":{"line":61,"column":27}},"20":{"start":{"line":64,"column":8},"end":{"line":64,"column":32}},"21":{"start":{"line":65,"column":8},"end":{"line":65,"column":41}},"22":{"start":{"line":68,"column":8},"end":{"line":68,"column":32}},"23":{"start":{"line":69,"column":8},"end":{"line":69,"column":67}},"24":{"start":{"line":73,"column":8},"end":{"line":73,"column":31}},"25":{"start":{"line":74,"column":8},"end":{"line":74,"column":27}},"26":{"start":{"line":77,"column":8},"end":{"line":77,"column":32}},"27":{"start":{"line":78,"column":8},"end":{"line":78,"column":41}},"28":{"start":{"line":81,"column":8},"end":{"line":81,"column":32}},"29":{"start":{"line":82,"column":8},"end":{"line":82,"column":61}},"30":{"start":{"line":86,"column":8},"end":{"line":86,"column":31}},"31":{"start":{"line":87,"column":8},"end":{"line":87,"column":27}},"32":{"start":{"line":90,"column":8},"end":{"line":90,"column":26}},"33":{"start":{"line":91,"column":8},"end":{"line":91,"column":32}},"34":{"start":{"line":92,"column":8},"end":{"line":92,"column":48}},"35":{"start":{"line":93,"column":8},"end":{"line":93,"column":36}},"36":{"start":{"line":96,"column":8},"end":{"line":96,"column":26}},"37":{"start":{"line":97,"column":8},"end":{"line":97,"column":48}},"38":{"start":{"line":98,"column":8},"end":{"line":98,"column":36}},"39":{"start":{"line":102,"column":8},"end":{"line":102,"column":31}},"40":{"start":{"line":103,"column":8},"end":{"line":103,"column":27}},"41":{"start":{"line":106,"column":8},"end":{"line":106,"column":32}},"42":{"start":{"line":107,"column":8},"end":{"line":107,"column":41}},"43":{"start":{"line":108,"column":8},"end":{"line":108,"column":35}},"44":{"start":{"line":111,"column":8},"end":{"line":111,"column":32}},"45":{"start":{"line":112,"column":8},"end":{"line":112,"column":35}},"46":{"start":{"line":113,"column":8},"end":{"line":113,"column":26}},"47":{"start":{"line":114,"column":8},"end":{"line":114,"column":63}},"48":{"start":{"line":118,"column":8},"end":{"line":118,"column":31}},"49":{"start":{"line":119,"column":8},"end":{"line":119,"column":27}},"50":{"start":{"line":122,"column":8},"end":{"line":122,"column":32}},"51":{"start":{"line":123,"column":8},"end":{"line":123,"column":41}},"52":{"start":{"line":126,"column":8},"end":{"line":126,"column":32}},"53":{"start":{"line":127,"column":8},"end":{"line":127,"column":66}},"54":{"start":{"line":132,"column":15},"end":{"line":132,"column":49}},"55":{"start":{"line":133,"column":0},"end":{"line":133,"column":33}}},"fnMap":{"0":{"name":"(anonymous_13)","decl":{"start":{"line":32,"column":2},"end":{"line":32,"column":9}},"loc":{"start":{"line":32,"column":28},"end":{"line":32,"column":null}}},"1":{"name":"(anonymous_14)","decl":{"start":{"line":32,"column":28},"end":{"line":32,"column":33}},"loc":{"start":{"line":32,"column":28},"end":{"line":32,"column":null}}},"2":{"name":"(anonymous_16)","decl":{"start":{"line":37,"column":2},"end":{"line":37,"column":9}},"loc":{"start":{"line":37,"column":25},"end":{"line":37,"column":null}}},"3":{"name":"(anonymous_17)","decl":{"start":{"line":37,"column":25},"end":{"line":37,"column":30}},"loc":{"start":{"line":37,"column":25},"end":{"line":37,"column":null}}},"4":{"name":"(anonymous_19)","decl":{"start":{"line":46,"column":2},"end":{"line":46,"column":9}},"loc":{"start":{"line":46,"column":37},"end":{"line":46,"column":null}}},"5":{"name":"(anonymous_20)","decl":{"start":{"line":46,"column":37},"end":{"line":46,"column":42}},"loc":{"start":{"line":46,"column":37},"end":{"line":46,"column":null}}},"6":{"name":"(anonymous_22)","decl":{"start":{"line":53,"column":17},"end":{"line":53,"column":18}},"loc":{"start":{"line":53,"column":23},"end":{"line":55,"column":5}}},"7":{"name":"(anonymous_23)","decl":{"start":{"line":57,"column":17},"end":{"line":57,"column":18}},"loc":{"start":{"line":57,"column":25},"end":{"line":129,"column":3}}},"8":{"name":"(anonymous_24)","decl":{"start":{"line":59,"column":37},"end":{"line":59,"column":38}},"loc":{"start":{"line":59,"column":43},"end":{"line":62,"column":7}}},"9":{"name":"(anonymous_25)","decl":{"start":{"line":63,"column":39},"end":{"line":63,"column":40}},"loc":{"start":{"line":63,"column":53},"end":{"line":66,"column":7}}},"10":{"name":"(anonymous_26)","decl":{"start":{"line":67,"column":38},"end":{"line":67,"column":39}},"loc":{"start":{"line":67,"column":52},"end":{"line":70,"column":7}}},"11":{"name":"(anonymous_27)","decl":{"start":{"line":72,"column":34},"end":{"line":72,"column":35}},"loc":{"start":{"line":72,"column":40},"end":{"line":75,"column":7}}},"12":{"name":"(anonymous_28)","decl":{"start":{"line":76,"column":36},"end":{"line":76,"column":37}},"loc":{"start":{"line":76,"column":50},"end":{"line":79,"column":7}}},"13":{"name":"(anonymous_29)","decl":{"start":{"line":80,"column":35},"end":{"line":80,"column":36}},"loc":{"start":{"line":80,"column":49},"end":{"line":83,"column":7}}},"14":{"name":"(anonymous_30)","decl":{"start":{"line":85,"column":35},"end":{"line":85,"column":36}},"loc":{"start":{"line":85,"column":41},"end":{"line":88,"column":7}}},"15":{"name":"(anonymous_31)","decl":{"start":{"line":89,"column":37},"end":{"line":89,"column":38}},"loc":{"start":{"line":89,"column":43},"end":{"line":94,"column":7}}},"16":{"name":"(anonymous_32)","decl":{"start":{"line":95,"column":36},"end":{"line":95,"column":37}},"loc":{"start":{"line":95,"column":42},"end":{"line":99,"column":7}}},"17":{"name":"(anonymous_33)","decl":{"start":{"line":101,"column":32},"end":{"line":101,"column":33}},"loc":{"start":{"line":101,"column":38},"end":{"line":104,"column":7}}},"18":{"name":"(anonymous_34)","decl":{"start":{"line":105,"column":34},"end":{"line":105,"column":35}},"loc":{"start":{"line":105,"column":48},"end":{"line":109,"column":7}}},"19":{"name":"(anonymous_35)","decl":{"start":{"line":110,"column":33},"end":{"line":110,"column":34}},"loc":{"start":{"line":110,"column":47},"end":{"line":115,"column":7}}},"20":{"name":"(anonymous_36)","decl":{"start":{"line":117,"column":35},"end":{"line":117,"column":36}},"loc":{"start":{"line":117,"column":41},"end":{"line":120,"column":7}}},"21":{"name":"(anonymous_37)","decl":{"start":{"line":121,"column":37},"end":{"line":121,"column":38}},"loc":{"start":{"line":121,"column":51},"end":{"line":124,"column":7}}},"22":{"name":"(anonymous_38)","decl":{"start":{"line":125,"column":36},"end":{"line":125,"column":37}},"loc":{"start":{"line":125,"column":50},"end":{"line":128,"column":7}}}},"branchMap":{"0":{"loc":{"start":{"line":69,"column":22},"end":{"line":69,"column":66}},"type":"binary-expr","locations":[{"start":{"line":69,"column":22},"end":{"line":69,"column":42}},{"start":{"line":69,"column":46},"end":{"line":69,"column":66}}]},"1":{"loc":{"start":{"line":82,"column":22},"end":{"line":82,"column":60}},"type":"binary-expr","locations":[{"start":{"line":82,"column":22},"end":{"line":82,"column":42}},{"start":{"line":82,"column":46},"end":{"line":82,"column":60}}]},"2":{"loc":{"start":{"line":114,"column":22},"end":{"line":114,"column":62}},"type":"binary-expr","locations":[{"start":{"line":114,"column":22},"end":{"line":114,"column":42}},{"start":{"line":114,"column":46},"end":{"line":114,"column":62}}]},"3":{"loc":{"start":{"line":127,"column":22},"end":{"line":127,"column":65}},"type":"binary-expr","locations":[{"start":{"line":127,"column":22},"end":{"line":127,"column":42}},{"start":{"line":127,"column":46},"end":{"line":127,"column":65}}]}},"s":{"0":2,"1":2,"2":2,"3":2,"4":2,"5":0,"6":0,"7":2,"8":0,"9":0,"10":2,"11":2,"12":2,"13":0,"14":0,"15":2,"16":0,"17":2,"18":1,"19":1,"20":1,"21":1,"22":1,"23":1,"24":1,"25":1,"26":1,"27":1,"28":1,"29":1,"30":1,"31":1,"32":1,"33":1,"34":1,"35":1,"36":1,"37":1,"38":1,"39":1,"40":1,"41":1,"42":1,"43":1,"44":1,"45":1,"46":1,"47":1,"48":1,"49":1,"50":1,"51":1,"52":1,"53":1,"54":2,"55":2},"f":{"0":0,"1":0,"2":0,"3":0,"4":0,"5":0,"6":0,"7":2,"8":1,"9":1,"10":1,"11":1,"12":1,"13":1,"14":1,"15":1,"16":1,"17":1,"18":1,"19":1,"20":1,"21":1,"22":1},"b":{"0":[1,0],"1":[1,0],"2":[1,0],"3":[1,0]}}
,"D:\\.dev\\stellar-burgers\\src\\services\\slices\\userOrders.slice.ts": {"path":"D:\\.dev\\stellar-burgers\\src\\services\\slices\\userOrders.slice.ts","statementMap":{"0":{"start":{"line":1,"column":0},"end":{"line":1,"column":36}},"1":{"start":{"line":2,"column":0},"end":{"line":2,"column":65}},"2":{"start":{"line":11,"column":34},"end":{"line":15,"column":2}},"3":{"start":{"line":17,"column":13},"end":{"line":17,"column":80}},"4":{"start":{"line":19,"column":24},"end":{"line":38,"column":2}},"5":{"start":{"line":24,"column":4},"end":{"line":36,"column":9}},"6":{"start":{"line":26,"column":8},"end":{"line":26,"column":31}},"7":{"start":{"line":27,"column":8},"end":{"line":27,"column":27}},"8":{"start":{"line":30,"column":8},"end":{"line":30,"column":32}},"9":{"start":{"line":31,"column":8},"end":{"line":31,"column":38}},"10":{"start":{"line":34,"column":8},"end":{"line":34,"column":32}},"11":{"start":{"line":35,"column":8},"end":{"line":35,"column":80}},"12":{"start":{"line":40,"column":0},"end":{"line":40,"column":39}}},"fnMap":{"0":{"name":"(anonymous_0)","decl":{"start":{"line":23,"column":17},"end":{"line":23,"column":18}},"loc":{"start":{"line":23,"column":25},"end":{"line":37,"column":3}}},"1":{"name":"(anonymous_1)","decl":{"start":{"line":25,"column":36},"end":{"line":25,"column":37}},"loc":{"start":{"line":25,"column":42},"end":{"line":28,"column":7}}},"2":{"name":"(anonymous_2)","decl":{"start":{"line":29,"column":38},"end":{"line":29,"column":39}},"loc":{"start":{"line":29,"column":52},"end":{"line":32,"column":7}}},"3":{"name":"(anonymous_3)","decl":{"start":{"line":33,"column":37},"end":{"line":33,"column":38}},"loc":{"start":{"line":33,"column":51},"end":{"line":36,"column":7}}}},"branchMap":{"0":{"loc":{"start":{"line":35,"column":22},"end":{"line":35,"column":79}},"type":"binary-expr","locations":[{"start":{"line":35,"column":22},"end":{"line":35,"column":42}},{"start":{"line":35,"column":46},"end":{"line":35,"column":79}}]}},"s":{"0":2,"1":2,"2":2,"3":2,"4":2,"5":2,"6":1,"7":1,"8":1,"9":1,"10":1,"11":1,"12":2},"f":{"0":2,"1":1,"2":1,"3":1},"b":{"0":[1,0]}}
,"D:\\.dev\\stellar-burgers\\src\\utils\\burger-api.ts": {"path":"D:\\.dev\\stellar-burgers\\src\\utils\\burger-api.ts","statementMap":{"0":{"start":{"line":2,"column":0},"end":{"line":2,"column":48}},"1":{"start":{"line":4,"column":13},"end":{"line":4,"column":52}},"2":{"start":{"line":6,"column":22},"end":{"line":7,"column":5}},"3":{"start":{"line":7,"column":2},"end":{"line":7,"column":70}},"4":{"start":{"line":7,"column":49},"end":{"line":7,"column":69}},"5":{"start":{"line":9,"column":21},"end":{"line":13,"column":1}},"6":{"start":{"line":11,"column":2},"end":{"line":11,"column":39}},"7":{"start":{"line":11,"column":28},"end":{"line":11,"column":39}},"8":{"start":{"line":12,"column":2},"end":{"line":12,"column":78}},"9":{"start":{"line":15,"column":16},"end":{"line":16,"column":7}},"10":{"start":{"line":16,"column":2},"end":{"line":18,"column":27}},"11":{"start":{"line":26,"column":28},"end":{"line":27,"column":9}},"12":{"start":{"line":27,"column":2},"end":{"line":35,"column":5}},"13":{"start":{"line":32,"column":4},"end":{"line":32,"column":60}},"14":{"start":{"line":33,"column":4},"end":{"line":33,"column":47}},"15":{"start":{"line":34,"column":4},"end":{"line":34,"column":16}},"16":{"start":{"line":26,"column":13},"end":{"line":26,"column":28}},"17":{"start":{"line":37,"column":32},"end":{"line":54,"column":2}},"18":{"start":{"line":39,"column":22},"end":{"line":54,"column":2}},"19":{"start":{"line":42,"column":11},"end":{"line":42,"column":47}},"20":{"start":{"line":42,"column":4},"end":{"line":42,"column":47}},"21":{"start":{"line":44,"column":8},"end":{"line":44,"column":11}},"22":{"start":{"line":45,"column":26},"end":{"line":45,"column":null}},"23":{"start":{"line":45,"column":12},"end":{"line":45,"column":null}},"24":{"start":{"line":46,"column":6},"end":{"line":49,"column":7}},"25":{"start":{"line":47,"column":9},"end":{"line":48,"column":34}},"26":{"start":{"line":50,"column":13},"end":{"line":50,"column":49}},"27":{"start":{"line":50,"column":6},"end":{"line":50,"column":49}},"28":{"start":{"line":52,"column":4},"end":{"line":52,"column":14}},"29":{"start":{"line":37,"column":13},"end":{"line":37,"column":32}},"30":{"start":{"line":56,"column":33},"end":{"line":57,"column":74}},"31":{"start":{"line":57,"column":2},"end":{"line":57,"column":74}},"32":{"start":{"line":57,"column":64},"end":{"line":57,"column":73}},"33":{"start":{"line":56,"column":13},"end":{"line":56,"column":33}},"34":{"start":{"line":59,"column":27},"end":{"line":62,"column":4}},"35":{"start":{"line":60,"column":2},"end":{"line":62,"column":4}},"36":{"start":{"line":59,"column":13},"end":{"line":59,"column":27}},"37":{"start":{"line":64,"column":28},"end":{"line":69,"column":31}},"38":{"start":{"line":65,"column":2},"end":{"line":69,"column":31}},"39":{"start":{"line":69,"column":19},"end":{"line":69,"column":30}},"40":{"start":{"line":64,"column":13},"end":{"line":64,"column":28}},"41":{"start":{"line":71,"column":30},"end":{"line":79,"column":5}},"42":{"start":{"line":71,"column":58},"end":{"line":79,"column":5}},"43":{"start":{"line":72,"column":2},"end":{"line":79,"column":5}},"44":{"start":{"line":71,"column":13},"end":{"line":71,"column":30}},"45":{"start":{"line":81,"column":35},"end":{"line":87,"column":5}},"46":{"start":{"line":81,"column":56},"end":{"line":87,"column":5}},"47":{"start":{"line":82,"column":2},"end":{"line":87,"column":5}},"48":{"start":{"line":83,"column":4},"end":{"line":85,"column":5}},"49":{"start":{"line":84,"column":6},"end":{"line":84,"column":41}},"50":{"start":{"line":86,"column":4},"end":{"line":86,"column":25}},"51":{"start":{"line":81,"column":13},"end":{"line":81,"column":35}},"52":{"start":{"line":98,"column":31},"end":{"line":103,"column":5}},"53":{"start":{"line":98,"column":57},"end":{"line":103,"column":5}},"54":{"start":{"line":99,"column":2},"end":{"line":103,"column":5}},"55":{"start":{"line":98,"column":13},"end":{"line":98,"column":31}},"56":{"start":{"line":105,"column":28},"end":{"line":114,"column":2}},"57":{"start":{"line":105,"column":51},"end":{"line":114,"column":2}},"58":{"start":{"line":106,"column":14},"end":{"line":110,"column":null}},"59":{"start":{"line":106,"column":8},"end":{"line":110,"column":null}},"60":{"start":{"line":111,"column":2},"end":{"line":111,"column":57}},"61":{"start":{"line":112,"column":2},"end":{"line":112,"column":44}},"62":{"start":{"line":113,"column":2},"end":{"line":113,"column":13}},"63":{"start":{"line":105,"column":13},"end":{"line":105,"column":28}},"64":{"start":{"line":116,"column":25},"end":{"line":121,"column":5}},"65":{"start":{"line":117,"column":2},"end":{"line":121,"column":5}},"66":{"start":{"line":116,"column":13},"end":{"line":116,"column":25}},"67":{"start":{"line":123,"column":26},"end":{"line":126,"column":5}},"68":{"start":{"line":124,"column":2},"end":{"line":126,"column":5}},"69":{"start":{"line":123,"column":13},"end":{"line":123,"column":26}},"70":{"start":{"line":128,"column":29},"end":{"line":136,"column":5}},"71":{"start":{"line":128,"column":64},"end":{"line":136,"column":5}},"72":{"start":{"line":129,"column":2},"end":{"line":136,"column":5}},"73":{"start":{"line":128,"column":13},"end":{"line":128,"column":29}},"74":{"start":{"line":138,"column":33},"end":{"line":143,"column":5}},"75":{"start":{"line":138,"column":63},"end":{"line":143,"column":5}},"76":{"start":{"line":139,"column":2},"end":{"line":143,"column":5}},"77":{"start":{"line":138,"column":13},"end":{"line":138,"column":33}},"78":{"start":{"line":145,"column":32},"end":{"line":153,"column":5}},"79":{"start":{"line":148,"column":1},"end":{"line":153,"column":5}},"80":{"start":{"line":149,"column":2},"end":{"line":153,"column":5}},"81":{"start":{"line":145,"column":13},"end":{"line":145,"column":32}}},"fnMap":{"0":{"name":"(anonymous_13)","decl":{"start":{"line":6,"column":22},"end":{"line":6,"column":26}},"loc":{"start":{"line":6,"column":39},"end":{"line":7,"column":5}}},"1":{"name":"(anonymous_14)","decl":{"start":{"line":7,"column":40},"end":{"line":7,"column":41}},"loc":{"start":{"line":7,"column":44},"end":{"line":7,"column":56}}},"2":{"name":"(anonymous_15)","decl":{"start":{"line":9,"column":21},"end":{"line":9,"column":25}},"loc":{"start":{"line":9,"column":31},"end":{"line":13,"column":1}}},"3":{"name":"(anonymous_16)","decl":{"start":{"line":15,"column":16},"end":{"line":15,"column":20}},"loc":{"start":{"line":15,"column":59},"end":{"line":16,"column":7}}},"4":{"name":"(anonymous_17)","decl":{"start":{"line":26,"column":28},"end":{"line":26,"column":null}},"loc":{"start":{"line":26,"column":28},"end":{"line":27,"column":9}}},"5":{"name":"(anonymous_18)","decl":{"start":{"line":31,"column":10},"end":{"line":31,"column":11}},"loc":{"start":{"line":31,"column":15},"end":{"line":35,"column":3}}},"6":{"name":"(anonymous_19)","decl":{"start":{"line":37,"column":32},"end":{"line":37,"column":null}},"loc":{"start":{"line":39,"column":22},"end":{"line":54,"column":2}}},"7":{"name":"(anonymous_20)","decl":{"start":{"line":39,"column":22},"end":{"line":39,"column":null}},"loc":{"start":{"line":39,"column":22},"end":{"line":54,"column":2}}},"8":{"name":"(anonymous_22)","decl":{"start":{"line":56,"column":33},"end":{"line":56,"column":null}},"loc":{"start":{"line":56,"column":33},"end":{"line":57,"column":74}}},"9":{"name":"(anonymous_25)","decl":{"start":{"line":57,"column":55},"end":{"line":57,"column":56}},"loc":{"start":{"line":57,"column":59},"end":{"line":57,"column":67}}},"10":{"name":"(anonymous_26)","decl":{"start":{"line":59,"column":27},"end":{"line":59,"column":null}},"loc":{"start":{"line":59,"column":27},"end":{"line":62,"column":4}}},"11":{"name":"(anonymous_29)","decl":{"start":{"line":64,"column":28},"end":{"line":64,"column":null}},"loc":{"start":{"line":64,"column":28},"end":{"line":69,"column":31}}},"12":{"name":"(anonymous_32)","decl":{"start":{"line":69,"column":10},"end":{"line":69,"column":11}},"loc":{"start":{"line":69,"column":14},"end":{"line":69,"column":22}}},"13":{"name":"(anonymous_33)","decl":{"start":{"line":71,"column":30},"end":{"line":71,"column":37}},"loc":{"start":{"line":71,"column":58},"end":{"line":79,"column":5}}},"14":{"name":"(anonymous_34)","decl":{"start":{"line":71,"column":58},"end":{"line":71,"column":null}},"loc":{"start":{"line":71,"column":58},"end":{"line":79,"column":5}}},"15":{"name":"(anonymous_36)","decl":{"start":{"line":81,"column":35},"end":{"line":81,"column":42}},"loc":{"start":{"line":81,"column":56},"end":{"line":87,"column":5}}},"16":{"name":"(anonymous_37)","decl":{"start":{"line":81,"column":56},"end":{"line":81,"column":null}},"loc":{"start":{"line":81,"column":56},"end":{"line":87,"column":5}}},"17":{"name":"(anonymous_39)","decl":{"start":{"line":82,"column":57},"end":{"line":82,"column":58}},"loc":{"start":{"line":82,"column":61},"end":{"line":87,"column":3}}},"18":{"name":"(anonymous_40)","decl":{"start":{"line":98,"column":31},"end":{"line":98,"column":38}},"loc":{"start":{"line":98,"column":57},"end":{"line":103,"column":5}}},"19":{"name":"(anonymous_41)","decl":{"start":{"line":98,"column":57},"end":{"line":98,"column":null}},"loc":{"start":{"line":98,"column":57},"end":{"line":103,"column":5}}},"20":{"name":"(anonymous_43)","decl":{"start":{"line":105,"column":28},"end":{"line":105,"column":35}},"loc":{"start":{"line":105,"column":51},"end":{"line":114,"column":2}}},"21":{"name":"(anonymous_44)","decl":{"start":{"line":105,"column":51},"end":{"line":105,"column":null}},"loc":{"start":{"line":105,"column":51},"end":{"line":114,"column":2}}},"22":{"name":"(anonymous_46)","decl":{"start":{"line":116,"column":25},"end":{"line":116,"column":null}},"loc":{"start":{"line":116,"column":25},"end":{"line":121,"column":5}}},"23":{"name":"(anonymous_49)","decl":{"start":{"line":123,"column":26},"end":{"line":123,"column":null}},"loc":{"start":{"line":123,"column":26},"end":{"line":126,"column":5}}},"24":{"name":"(anonymous_52)","decl":{"start":{"line":128,"column":29},"end":{"line":128,"column":36}},"loc":{"start":{"line":128,"column":64},"end":{"line":136,"column":5}}},"25":{"name":"(anonymous_53)","decl":{"start":{"line":128,"column":64},"end":{"line":128,"column":null}},"loc":{"start":{"line":128,"column":64},"end":{"line":136,"column":5}}},"26":{"name":"(anonymous_55)","decl":{"start":{"line":138,"column":33},"end":{"line":138,"column":40}},"loc":{"start":{"line":138,"column":63},"end":{"line":143,"column":5}}},"27":{"name":"(anonymous_56)","decl":{"start":{"line":138,"column":63},"end":{"line":138,"column":null}},"loc":{"start":{"line":138,"column":63},"end":{"line":143,"column":5}}},"28":{"name":"(anonymous_58)","decl":{"start":{"line":145,"column":32},"end":{"line":145,"column":39}},"loc":{"start":{"line":148,"column":1},"end":{"line":153,"column":5}}},"29":{"name":"(anonymous_59)","decl":{"start":{"line":148,"column":1},"end":{"line":148,"column":null}},"loc":{"start":{"line":148,"column":1},"end":{"line":153,"column":5}}}},"branchMap":{"0":{"loc":{"start":{"line":7,"column":2},"end":{"line":7,"column":69}},"type":"cond-expr","locations":[{"start":{"line":7,"column":11},"end":{"line":7,"column":21}},{"start":{"line":7,"column":24},"end":{"line":7,"column":69}}]},"1":{"loc":{"start":{"line":11,"column":2},"end":{"line":11,"column":39}},"type":"if","locations":[{"start":{"line":11,"column":2},"end":{"line":11,"column":39}}]},"2":{"loc":{"start":{"line":12,"column":36},"end":{"line":12,"column":74}},"type":"binary-expr","locations":[{"start":{"line":12,"column":36},"end":{"line":12,"column":55}},{"start":{"line":12,"column":59},"end":{"line":12,"column":74}}]},"3":{"loc":{"start":{"line":42,"column":4},"end":{"line":42,"column":47}},"type":"switch","locations":[{"start":{"line":42,"column":4},"end":{"line":42,"column":47}},{"start":{"line":50,"column":6},"end":{"line":50,"column":49}},{"start":{"line":52,"column":4},"end":{"line":52,"column":14}}]},"4":{"loc":{"start":{"line":44,"column":8},"end":{"line":44,"column":11}},"type":"if","locations":[{"start":{"line":44,"column":8},"end":{"line":44,"column":11}}]},"5":{"loc":{"start":{"line":44,"column":8},"end":{"line":44,"column":77}},"type":"binary-expr","locations":[{"start":{"line":44,"column":8},"end":{"line":44,"column":44}},{"start":{"line":44,"column":48},"end":{"line":44,"column":77}}]},"6":{"loc":{"start":{"line":44,"column":8},"end":{"line":44,"column":44}},"type":"cond-expr","locations":[{"start":{"line":44,"column":19},"end":{"line":44,"column":21}},{"start":{"line":44,"column":19},"end":{"line":44,"column":44}}]},"7":{"loc":{"start":{"line":44,"column":8},"end":{"line":44,"column":21}},"type":"binary-expr","locations":[{"start":{"line":44,"column":8},"end":{"line":44,"column":21}},{"start":{"line":44,"column":19},"end":{"line":44,"column":21}}]},"8":{"loc":{"start":{"line":46,"column":6},"end":{"line":49,"column":7}},"type":"if","locations":[{"start":{"line":46,"column":6},"end":{"line":49,"column":7}}]},"9":{"loc":{"start":{"line":83,"column":4},"end":{"line":85,"column":5}},"type":"if","locations":[{"start":{"line":83,"column":4},"end":{"line":85,"column":5}}]},"10":{"loc":{"start":{"line":83,"column":8},"end":{"line":83,"column":46}},"type":"binary-expr","locations":[{"start":{"line":83,"column":8},"end":{"line":83,"column":19}},{"start":{"line":83,"column":23},"end":{"line":83,"column":46}}]},"11":{"loc":{"start":{"line":106,"column":14},"end":{"line":110,"column":null}},"type":"switch","locations":[{"start":{"line":106,"column":14},"end":{"line":110,"column":null}}]}},"s":{"0":6,"1":6,"2":6,"3":0,"4":0,"5":6,"6":0,"7":0,"8":0,"9":6,"10":0,"11":6,"12":0,"13":0,"14":0,"15":0,"16":6,"17":6,"18":0,"19":0,"20":0,"21":0,"22":0,"23":0,"24":0,"25":0,"26":0,"27":0,"28":0,"29":6,"30":6,"31":0,"32":0,"33":6,"34":6,"35":0,"36":6,"37":6,"38":0,"39":0,"40":6,"41":6,"42":0,"43":0,"44":6,"45":6,"46":0,"47":0,"48":0,"49":0,"50":0,"51":6,"52":6,"53":0,"54":0,"55":6,"56":6,"57":0,"58":0,"59":0,"60":0,"61":0,"62":0,"63":6,"64":6,"65":0,"66":6,"67":6,"68":0,"69":6,"70":6,"71":0,"72":0,"73":6,"74":6,"75":0,"76":0,"77":6,"78":6,"79":0,"80":0,"81":6},"f":{"0":0,"1":0,"2":0,"3":0,"4":0,"5":0,"6":0,"7":0,"8":0,"9":0,"10":0,"11":0,"12":0,"13":0,"14":0,"15":0,"16":0,"17":0,"18":0,"19":0,"20":0,"21":0,"22":0,"23":0,"24":0,"25":0,"26":0,"27":0,"28":0,"29":0},"b":{"0":[0,0],"1":[0],"2":[0,0],"3":[0,0,0],"4":[0],"5":[0,0],"6":[0,0],"7":[0,0],"8":[0],"9":[0],"10":[0,0],"11":[0]}}
,"D:\\.dev\\stellar-burgers\\src\\utils\\cookie.ts": {"path":"D:\\.dev\\stellar-burgers\\src\\utils\\cookie.ts","statementMap":{"0":{"start":{"line":2,"column":18},"end":{"line":8,"column":null}},"1":{"start":{"line":10,"column":2},"end":{"line":10,"column":62}},"2":{"start":{"line":1,"column":0},"end":{"line":1,"column":16}},"3":{"start":{"line":16,"column":2},"end":{"line":16,"column":null}},"4":{"start":{"line":18,"column":2},"end":{"line":21,"column":4}},"5":{"start":{"line":23,"column":12},"end":{"line":23,"column":25}},"6":{"start":{"line":24,"column":2},"end":{"line":28,"column":3}},"7":{"start":{"line":25,"column":14},"end":{"line":25,"column":24}},"8":{"start":{"line":26,"column":4},"end":{"line":26,"column":40}},"9":{"start":{"line":27,"column":4},"end":{"line":27,"column":28}},"10":{"start":{"line":30,"column":2},"end":{"line":32,"column":3}},"11":{"start":{"line":31,"column":4},"end":{"line":31,"column":38}},"12":{"start":{"line":33,"column":2},"end":{"line":33,"column":36}},"13":{"start":{"line":34,"column":22},"end":{"line":34,"column":40}},"14":{"start":{"line":35,"column":2},"end":{"line":41,"column":3}},"15":{"start":{"line":36,"column":4},"end":{"line":36,"column":37}},"16":{"start":{"line":37,"column":22},"end":{"line":37,"column":37}},"17":{"start":{"line":38,"column":4},"end":{"line":40,"column":5}},"18":{"start":{"line":39,"column":6},"end":{"line":39,"column":39}},"19":{"start":{"line":42,"column":2},"end":{"line":42,"column":34}},"20":{"start":{"line":13,"column":0},"end":{"line":13,"column":16}},"21":{"start":{"line":46,"column":2},"end":{"line":46,"column":39}},"22":{"start":{"line":45,"column":0},"end":{"line":45,"column":16}}},"fnMap":{"0":{"name":"getCookie","decl":{"start":{"line":1,"column":16},"end":{"line":1,"column":25}},"loc":{"start":{"line":1,"column":38},"end":{"line":11,"column":1}}},"1":{"name":"setCookie","decl":{"start":{"line":13,"column":16},"end":{"line":13,"column":25}},"loc":{"start":{"line":16,"column":65},"end":{"line":43,"column":1}}},"2":{"name":"deleteCookie","decl":{"start":{"line":45,"column":16},"end":{"line":45,"column":28}},"loc":{"start":{"line":45,"column":41},"end":{"line":47,"column":1}}}},"branchMap":{"0":{"loc":{"start":{"line":10,"column":9},"end":{"line":10,"column":61}},"type":"cond-expr","locations":[{"start":{"line":10,"column":19},"end":{"line":10,"column":49}},{"start":{"line":10,"column":52},"end":{"line":10,"column":61}}]},"1":{"loc":{"start":{"line":16,"column":2},"end":{"line":16,"column":null}},"type":"if","locations":[{"start":{"line":16,"column":2},"end":{"line":16,"column":null}}]},"2":{"loc":{"start":{"line":24,"column":2},"end":{"line":28,"column":3}},"type":"if","locations":[{"start":{"line":24,"column":2},"end":{"line":28,"column":3}}]},"3":{"loc":{"start":{"line":24,"column":6},"end":{"line":24,"column":36}},"type":"binary-expr","locations":[{"start":{"line":24,"column":6},"end":{"line":24,"column":9}},{"start":{"line":24,"column":13},"end":{"line":24,"column":36}}]},"4":{"loc":{"start":{"line":30,"column":2},"end":{"line":32,"column":3}},"type":"if","locations":[{"start":{"line":30,"column":2},"end":{"line":32,"column":3}}]},"5":{"loc":{"start":{"line":30,"column":6},"end":{"line":30,"column":32}},"type":"binary-expr","locations":[{"start":{"line":30,"column":6},"end":{"line":30,"column":9}},{"start":{"line":30,"column":13},"end":{"line":30,"column":32}}]},"6":{"loc":{"start":{"line":38,"column":4},"end":{"line":40,"column":5}},"type":"if","locations":[{"start":{"line":38,"column":4},"end":{"line":40,"column":5}}]}},"s":{"0":0,"1":0,"2":6,"3":2,"4":2,"5":2,"6":2,"7":2,"8":2,"9":2,"10":2,"11":2,"12":2,"13":2,"14":2,"15":4,"16":4,"17":4,"18":4,"19":2,"20":6,"21":2,"22":6},"f":{"0":0,"1":2,"2":2},"b":{"0":[0,0],"1":[0],"2":[2],"3":[2,2],"4":[2],"5":[2,2],"6":[4]}}
}
