TN:
SF:src\services\store.ts
FNF:0
FNH:0
DA:1,1
DA:2,1
DA:7,1
DA:8,1
DA:9,1
DA:10,1
DA:11,1
DA:12,1
DA:15,1
DA:24,1
DA:32,1
DA:33,1
DA:35,1
LF:13
LH:13
BRF:0
BRH:0
end_of_record
TN:
SF:src\services\slices\constructor.slice.ts
FN:19,(anonymous_2)
FN:27,(anonymous_3)
FN:32,(anonymous_4)
FN:34,(anonymous_5)
FN:37,(anonymous_6)
FN:38,(anonymous_7)
FNF:6
FNH:5
FNDA:2,(anonymous_2)
FNDA:2,(anonymous_3)
FNDA:1,(anonymous_4)
FNDA:1,(anonymous_5)
FNDA:0,(anonymous_6)
FNDA:2,(anonymous_7)
DA:1,2
DA:9,2
DA:14,2
DA:20,2
DA:21,2
DA:22,1
DA:24,1
DA:28,2
DA:29,2
DA:33,1
DA:34,1
DA:37,0
DA:42,2
DA:43,2
DA:44,2
DA:45,1
DA:47,2
DA:48,1
DA:55,2
DA:61,2
LF:20
LH:19
BRDA:21,0,0,1
BRDA:21,0,1,1
BRDA:44,1,0,1
BRDA:44,2,0,2
BRDA:44,2,1,1
BRDA:47,3,0,1
BRDA:47,4,0,2
BRDA:47,4,1,1
BRF:8
BRH:8
end_of_record
TN:
SF:src\services\slices\feed.slice.ts
FN:27,(anonymous_0)
FN:29,(anonymous_1)
FN:34,(anonymous_2)
FN:41,(anonymous_3)
FNF:4
FNH:4
FNDA:2,(anonymous_0)
FNDA:1,(anonymous_1)
FNDA:1,(anonymous_2)
FNDA:1,(anonymous_3)
DA:1,2
DA:2,2
DA:13,2
DA:21,2
DA:23,2
DA:28,2
DA:30,1
DA:31,1
DA:32,1
DA:35,1
DA:36,1
DA:37,1
DA:38,1
DA:39,1
DA:42,1
DA:43,1
DA:44,1
DA:49,2
LF:18
LH:18
BRDA:43,0,0,1
BRDA:43,0,1,0
BRF:2
BRH:1
end_of_record
TN:
SF:src\services\slices\ingredients.slice.ts
FN:26,(anonymous_0)
FN:28,(anonymous_1)
FN:33,(anonymous_2)
FN:38,(anonymous_3)
FNF:4
FNH:4
FNDA:2,(anonymous_0)
FNDA:1,(anonymous_1)
FNDA:1,(anonymous_2)
FNDA:1,(anonymous_3)
DA:1,2
DA:2,2
DA:11,2
DA:17,2
DA:22,2
DA:27,2
DA:30,1
DA:31,1
DA:35,1
DA:36,1
DA:39,1
DA:40,1
DA:46,2
LF:13
LH:13
BRDA:41,0,0,1
BRDA:41,0,1,0
BRF:2
BRH:1
end_of_record
TN:
SF:src\services\slices\orderDetails.slice.ts
FN:26,(anonymous_0)
FN:32,(anonymous_1)
FN:34,(anonymous_2)
FN:38,(anonymous_3)
FN:42,(anonymous_4)
FNF:5
FNH:4
FNDA:0,(anonymous_0)
FNDA:2,(anonymous_1)
FNDA:1,(anonymous_2)
FNDA:1,(anonymous_3)
FNDA:1,(anonymous_4)
DA:1,2
DA:2,2
DA:11,2
DA:17,2
DA:22,2
DA:27,0
DA:28,0
DA:29,0
DA:33,2
DA:35,1
DA:36,1
DA:39,1
DA:40,1
DA:43,1
DA:44,1
DA:49,2
DA:50,2
LF:17
LH:14
BRDA:44,0,0,1
BRDA:44,0,1,0
BRF:2
BRH:1
end_of_record
TN:
SF:src\services\slices\user.slice.ts
FN:32,(anonymous_13)
FN:32,(anonymous_14)
FN:37,(anonymous_16)
FN:37,(anonymous_17)
FN:46,(anonymous_19)
FN:46,(anonymous_20)
FN:53,(anonymous_22)
FN:57,(anonymous_23)
FN:59,(anonymous_24)
FN:63,(anonymous_25)
FN:67,(anonymous_26)
FN:72,(anonymous_27)
FN:76,(anonymous_28)
FN:80,(anonymous_29)
FN:85,(anonymous_30)
FN:89,(anonymous_31)
FN:95,(anonymous_32)
FN:101,(anonymous_33)
FN:105,(anonymous_34)
FN:110,(anonymous_35)
FN:117,(anonymous_36)
FN:121,(anonymous_37)
FN:125,(anonymous_38)
FNF:23
FNH:16
FNDA:0,(anonymous_13)
FNDA:0,(anonymous_14)
FNDA:0,(anonymous_16)
FNDA:0,(anonymous_17)
FNDA:0,(anonymous_19)
FNDA:0,(anonymous_20)
FNDA:0,(anonymous_22)
FNDA:2,(anonymous_23)
FNDA:1,(anonymous_24)
FNDA:1,(anonymous_25)
FNDA:1,(anonymous_26)
FNDA:1,(anonymous_27)
FNDA:1,(anonymous_28)
FNDA:1,(anonymous_29)
FNDA:1,(anonymous_30)
FNDA:1,(anonymous_31)
FNDA:1,(anonymous_32)
FNDA:1,(anonymous_33)
FNDA:1,(anonymous_34)
FNDA:1,(anonymous_35)
FNDA:1,(anonymous_36)
FNDA:1,(anonymous_37)
FNDA:1,(anonymous_38)
DA:1,2
DA:10,2
DA:11,2
DA:23,2
DA:30,2
DA:32,0
DA:35,2
DA:37,0
DA:40,2
DA:42,2
DA:44,2
DA:46,0
DA:49,2
DA:54,0
DA:58,2
DA:60,1
DA:61,1
DA:64,1
DA:65,1
DA:68,1
DA:69,1
DA:73,1
DA:74,1
DA:77,1
DA:78,1
DA:81,1
DA:82,1
DA:86,1
DA:87,1
DA:90,1
DA:91,1
DA:92,1
DA:93,1
DA:96,1
DA:97,1
DA:98,1
DA:102,1
DA:103,1
DA:106,1
DA:107,1
DA:108,1
DA:111,1
DA:112,1
DA:113,1
DA:114,1
DA:118,1
DA:119,1
DA:122,1
DA:123,1
DA:126,1
DA:127,1
DA:132,2
DA:133,2
LF:53
LH:49
BRDA:69,0,0,1
BRDA:69,0,1,0
BRDA:82,1,0,1
BRDA:82,1,1,0
BRDA:114,2,0,1
BRDA:114,2,1,0
BRDA:127,3,0,1
BRDA:127,3,1,0
BRF:8
BRH:4
end_of_record
TN:
SF:src\services\slices\userOrders.slice.ts
FN:23,(anonymous_0)
FN:25,(anonymous_1)
FN:29,(anonymous_2)
FN:33,(anonymous_3)
FNF:4
FNH:4
FNDA:2,(anonymous_0)
FNDA:1,(anonymous_1)
FNDA:1,(anonymous_2)
FNDA:1,(anonymous_3)
DA:1,2
DA:2,2
DA:11,2
DA:17,2
DA:19,2
DA:24,2
DA:26,1
DA:27,1
DA:30,1
DA:31,1
DA:34,1
DA:35,1
DA:40,2
LF:13
LH:13
BRDA:35,0,0,1
BRDA:35,0,1,0
BRF:2
BRH:1
end_of_record
TN:
SF:src\utils\burger-api.ts
FN:6,(anonymous_13)
FN:7,(anonymous_14)
FN:9,(anonymous_15)
FN:15,(anonymous_16)
FN:26,(anonymous_17)
FN:31,(anonymous_18)
FN:37,(anonymous_19)
FN:39,(anonymous_20)
FN:56,(anonymous_22)
FN:57,(anonymous_25)
FN:59,(anonymous_26)
FN:64,(anonymous_29)
FN:69,(anonymous_32)
FN:71,(anonymous_33)
FN:71,(anonymous_34)
FN:81,(anonymous_36)
FN:81,(anonymous_37)
FN:82,(anonymous_39)
FN:98,(anonymous_40)
FN:98,(anonymous_41)
FN:105,(anonymous_43)
FN:105,(anonymous_44)
FN:116,(anonymous_46)
FN:123,(anonymous_49)
FN:128,(anonymous_52)
FN:128,(anonymous_53)
FN:138,(anonymous_55)
FN:138,(anonymous_56)
FN:145,(anonymous_58)
FN:148,(anonymous_59)
FNF:30
FNH:0
FNDA:0,(anonymous_13)
FNDA:0,(anonymous_14)
FNDA:0,(anonymous_15)
FNDA:0,(anonymous_16)
FNDA:0,(anonymous_17)
FNDA:0,(anonymous_18)
FNDA:0,(anonymous_19)
FNDA:0,(anonymous_20)
FNDA:0,(anonymous_22)
FNDA:0,(anonymous_25)
FNDA:0,(anonymous_26)
FNDA:0,(anonymous_29)
FNDA:0,(anonymous_32)
FNDA:0,(anonymous_33)
FNDA:0,(anonymous_34)
FNDA:0,(anonymous_36)
FNDA:0,(anonymous_37)
FNDA:0,(anonymous_39)
FNDA:0,(anonymous_40)
FNDA:0,(anonymous_41)
FNDA:0,(anonymous_43)
FNDA:0,(anonymous_44)
FNDA:0,(anonymous_46)
FNDA:0,(anonymous_49)
FNDA:0,(anonymous_52)
FNDA:0,(anonymous_53)
FNDA:0,(anonymous_55)
FNDA:0,(anonymous_56)
FNDA:0,(anonymous_58)
FNDA:0,(anonymous_59)
DA:2,6
DA:4,6
DA:6,6
DA:7,0
DA:9,6
DA:11,0
DA:12,0
DA:15,6
DA:16,0
DA:26,6
DA:27,0
DA:32,0
DA:33,0
DA:34,0
DA:37,6
DA:39,0
DA:42,0
DA:44,0
DA:45,0
DA:46,0
DA:47,0
DA:50,0
DA:52,0
DA:56,6
DA:57,0
DA:59,6
DA:60,0
DA:64,6
DA:65,0
DA:69,0
DA:71,6
DA:72,0
DA:81,6
DA:82,0
DA:83,0
DA:84,0
DA:86,0
DA:98,6
DA:99,0
DA:105,6
DA:106,0
DA:111,0
DA:112,0
DA:113,0
DA:116,6
DA:117,0
DA:123,6
DA:124,0
DA:128,6
DA:129,0
DA:138,6
DA:139,0
DA:145,6
DA:148,0
DA:149,0
LF:55
LH:19
BRDA:7,0,0,0
BRDA:7,0,1,0
BRDA:11,1,0,0
BRDA:12,2,0,0
BRDA:12,2,1,0
BRDA:42,3,0,0
BRDA:42,3,1,0
BRDA:42,3,2,0
BRDA:44,4,0,0
BRDA:44,5,0,0
BRDA:44,5,1,0
BRDA:44,6,0,0
BRDA:44,6,1,0
BRDA:44,7,0,0
BRDA:44,7,1,0
BRDA:46,8,0,0
BRDA:83,9,0,0
BRDA:83,10,0,0
BRDA:83,10,1,0
BRDA:106,11,0,0
BRF:20
BRH:0
end_of_record
TN:
SF:src\utils\cookie.ts
FN:1,getCookie
FN:13,setCookie
FN:45,deleteCookie
FNF:3
FNH:2
FNDA:0,getCookie
FNDA:2,setCookie
FNDA:2,deleteCookie
DA:1,6
DA:2,0
DA:10,0
DA:13,6
DA:16,2
DA:18,2
DA:23,2
DA:24,2
DA:25,2
DA:26,2
DA:27,2
DA:30,2
DA:31,2
DA:33,2
DA:34,2
DA:35,2
DA:36,4
DA:37,4
DA:38,4
DA:39,4
DA:42,2
DA:45,6
DA:46,2
LF:23
LH:21
BRDA:10,0,0,0
BRDA:10,0,1,0
BRDA:16,1,0,0
BRDA:24,2,0,2
BRDA:24,3,0,2
BRDA:24,3,1,2
BRDA:30,4,0,2
BRDA:30,5,0,2
BRDA:30,5,1,2
BRDA:38,6,0,4
BRF:10
BRH:7
end_of_record
